<?xml version="1.0" encoding="UTF-8"?>
<!-- Generated by org.testng.reporters.JUnitReportReporter -->
<testsuite hostname="Shambhu_Katwal" failures="0" tests="1" name="tests.HomePageTest" time="10.895" errors="0" timestamp="2022-09-24T09:21:39 NPT" skipped="0">
  <testcase classname="tests.HomePageTest" name="verifyAdminModuleisClickedProperly" time="10.895"/>
  <system-out/>
</testsuite> <!-- tests.HomePageTest -->
