<?xml version="1.0" encoding="UTF-8"?>
<!-- Generated by org.testng.reporters.JUnitReportReporter -->
<testsuite hostname="Shambhu_Katwal" failures="0" tests="1" name="tests.LoginPageTest" time="11.165" errors="0" timestamp="2022-09-18T09:38:41 NPT" skipped="0">
  <testcase classname="tests.LoginPageTest" name="verifyUserIsAbleToLogin" time="11.165"/>
  <system-out/>
</testsuite> <!-- tests.LoginPageTest -->
