<?xml version="1.0" encoding="UTF-8"?>
<!-- Generated by org.testng.reporters.JUnitReportReporter -->
<testsuite hostname="Shambhu_Katwal" failures="0" tests="2" name="tests.LoginPageTest" time="19.657" errors="0" timestamp="2022-09-21T08:04:10 NPT" skipped="0">
  <testcase classname="tests.LoginPageTest" name="verifyPasswordLink" time="10.721"/>
  <system-out/>
  <testcase classname="tests.LoginPageTest" name="verifyUserIsAbleToLogin" time="8.936"/>
  <system-out/>
</testsuite> <!-- tests.LoginPageTest -->
